<?xml version="1.0" encoding="utf-8"?><testsuites name="pytest tests"><testsuite name="pytest" errors="0" failures="0" skipped="0" tests="5" time="31.485" timestamp="2026-09-13T12:59:43.479342+00:00" hostname="agent-env-dd9723a3-2b0f-40a4-9f36-1a22a68cb070"><testcase classname="tests.test_devstudio_review" name="test_agent_config_invariants" time="0.273" /><testcase classname="tests.test_devstudio_review" name="test_preset_does_not_break_invariants[MAX_QUALITY]" time="0.153" /><testcase classname="tests.test_devstudio_review" name="test_preset_does_not_break_invariants[ECONOMICAL]" time="0.147" /><testcase classname="tests.test_devstudio_review" name="test_preset_does_not_break_invariants[BALANCED]" time="0.143" /><testcase classname="tests.test_devstudio_review" name="test_task_progresses_past_planning" time="30.720" /></testsuite></testsuites>